<?xml version="1.0" encoding="UTF-8"?>
<!-- Generated by org.testng.reporters.JUnitXMLReporter -->
<testsuite ignored="0" hostname="DESKTOP-C185PLQ" failures="0" tests="6" name="Test" time="130.693" errors="0" timestamp="2023-06-15T16:16:14 IST">
  <testcase classname="javascript_executor.borderheighlighting" name="colour" time="29.66"/>
  <testcase classname="javascript_executor.pageup_pagedown" name="f" time="21.273"/>
  <testcase classname="javascript_executor.popupdisplay" name="Popup" time="11.568"/>
  <testcase classname="javascript_executor.scroll_operation" name="Scroll" time="28.896"/>
  <testcase classname="javascript_executor.send_click" name="f" time="14.314"/>
  <testcase classname="javascript_executor.title" name="titleheading" time="24.908"/>
</testsuite> <!-- Test -->
